This is pdfTeX, Version 3.141592653-2.6-1.40.25 (MiKTeX 23.10.12) (preloaded format=pdflatex 2025.10.29)  12 JUL 2026 17:35
entering extended mode
 restricted \write18 enabled.
 file:line:error style messages enabled.
 %&-line parsing enabled.
**c:/Users/Richm/Documents/Studium/6semester/bachelorvortrag/bachelor_vortrag/bachelor_defense_slides_package/bachelor_defense/defense_slides_with_overview_nav.tex
(c:/Users/Richm/Documents/Studium/6semester/bachelorvortrag/bachelor_vortrag/bachelor_defense_slides_package/bachelor_defense/defense_slides_with_overview_nav.tex
LaTeX2e <2023-06-01> patch level 1
L3 programming layer <2023-10-10>
(S:\ProgrammierShit\MikTeX\tex/latex/beamer\beamer.cls
Document Class: beamer 2025/08/13 v3.76 A class for typesetting presentations
(S:\ProgrammierShit\MikTeX\tex/latex/beamer\beamerbasemodes.sty (S:\ProgrammierShit\MikTeX\tex/latex/etoolbox\etoolbox.sty
Package: etoolbox 2020/10/05 v2.5k e-TeX tools for LaTeX (JAW)
\etb@tempcnta=\count185
)
\beamer@tempbox=\box51
\beamer@tempcount=\count186
\c@beamerpauses=\count187
 (S:\ProgrammierShit\MikTeX\tex/latex/beamer\beamerbasedecode.sty
\beamer@slideinframe=\count188
\beamer@minimum=\count189
\beamer@decode@box=\box52
)
\beamer@commentbox=\box53
\beamer@modecount=\count190
) (S:\ProgrammierShit\MikTeX\tex/generic/iftex\iftex.sty
Package: iftex 2022/02/03 v1.0f TeX engine tests
)
\headdp=\dimen140
\footheight=\dimen141
\sidebarheight=\dimen142
\beamer@tempdim=\dimen143
\beamer@finalheight=\dimen144
\beamer@animht=\dimen145
\beamer@animdp=\dimen146
\beamer@animwd=\dimen147
\beamer@leftmargin=\dimen148
\beamer@rightmargin=\dimen149
\beamer@leftsidebar=\dimen150
\beamer@rightsidebar=\dimen151
\beamer@boxsize=\dimen152
\beamer@vboxoffset=\dimen153
\beamer@descdefault=\dimen154
\beamer@descriptionwidth=\dimen155
\beamer@lastskip=\skip48
\beamer@areabox=\box54
\beamer@animcurrent=\box55
\beamer@animshowbox=\box56
\beamer@sectionbox=\box57
\beamer@logobox=\box58
\beamer@linebox=\box59
\beamer@sectioncount=\count191
\beamer@subsubsectionmax=\count192
\beamer@subsectionmax=\count193
\beamer@sectionmax=\count194
\beamer@totalheads=\count195
\beamer@headcounter=\count196
\beamer@partstartpage=\count197
\beamer@sectionstartpage=\count198
\beamer@subsectionstartpage=\count199
\beamer@animationtempa=\count266
\beamer@animationtempb=\count267
\beamer@xpos=\count268
\beamer@ypos=\count269
\beamer@ypos@offset=\count270
\beamer@showpartnumber=\count271
\beamer@currentsubsection=\count272
\beamer@coveringdepth=\count273
\beamer@sectionadjust=\count274
\beamer@toclastsection=\count275
\beamer@tocsectionnumber=\count276
 (S:\ProgrammierShit\MikTeX\tex/latex/beamer\beamerbaseoptions.sty (S:\ProgrammierShit\MikTeX\tex/latex/graphics\keyval.sty
Package: keyval 2022/05/29 v1.15 key=value parser (DPC)
\KV@toks@=\toks17
))
\beamer@paperwidth=\skip49
\beamer@paperheight=\skip50
 (S:\ProgrammierShit\MikTeX\tex/latex/geometry\geometry.sty
Package: geometry 2020/01/02 v5.9 Page Geometry
 (S:\ProgrammierShit\MikTeX\tex/generic/iftex\ifvtex.sty
Package: ifvtex 2019/10/25 v1.7 ifvtex legacy package. Use iftex instead.
)
\Gm@cnth=\count277
\Gm@cntv=\count278
\c@Gm@tempcnt=\count279
\Gm@bindingoffset=\dimen156
\Gm@wd@mp=\dimen157
\Gm@odd@mp=\dimen158
\Gm@even@mp=\dimen159
\Gm@layoutwidth=\dimen160
\Gm@layoutheight=\dimen161
\Gm@layouthoffset=\dimen162
\Gm@layoutvoffset=\dimen163
\Gm@dimlist=\toks18
 (S:\ProgrammierShit\MikTeX\tex/latex/geometry\geometry.cfg)) (S:\ProgrammierShit\MikTeX\tex/latex/pgf/math\pgfmath.sty (S:\ProgrammierShit\MikTeX\tex/latex/pgf/utilities\pgfrcs.sty (S:\ProgrammierShit\MikTeX\tex/generic/pgf/utilities\pgfutil-common.tex
\pgfutil@everybye=\toks19
\pgfutil@tempdima=\dimen164
\pgfutil@tempdimb=\dimen165
) (S:\ProgrammierShit\MikTeX\tex/generic/pgf/utilities\pgfutil-latex.def
\pgfutil@abb=\box60
) (S:\ProgrammierShit\MikTeX\tex/generic/pgf/utilities\pgfrcs.code.tex (S:\ProgrammierShit\MikTeX\tex/generic/pgf\pgf.revision.tex)
Package: pgfrcs 2023-01-15 v3.1.10 (3.1.10)
)) (S:\ProgrammierShit\MikTeX\tex/latex/pgf/utilities\pgfkeys.sty (S:\ProgrammierShit\MikTeX\tex/generic/pgf/utilities\pgfkeys.code.tex
\pgfkeys@pathtoks=\toks20
\pgfkeys@temptoks=\toks21
 (S:\ProgrammierShit\MikTeX\tex/generic/pgf/utilities\pgfkeyslibraryfiltered.code.tex
\pgfkeys@tmptoks=\toks22
))) (S:\ProgrammierShit\MikTeX\tex/generic/pgf/math\pgfmath.code.tex (S:\ProgrammierShit\MikTeX\tex/generic/pgf/math\pgfmathutil.code.tex
\pgf@x=\dimen166
\pgf@xa=\dimen167
\pgf@xb=\dimen168
\pgf@xc=\dimen169
\pgf@y=\dimen170
\pgf@ya=\dimen171
\pgf@yb=\dimen172
\pgf@yc=\dimen173
\c@pgf@counta=\count280
\c@pgf@countb=\count281
\c@pgf@countc=\count282
\c@pgf@countd=\count283
) (S:\ProgrammierShit\MikTeX\tex/generic/pgf/math\pgfmathparser.code.tex
\pgfmath@dimen=\dimen174
\pgfmath@count=\count284
\pgfmath@box=\box61
\pgfmath@toks=\toks23
\pgfmath@stack@operand=\toks24
\pgfmath@stack@operation=\toks25
) (S:\ProgrammierShit\MikTeX\tex/generic/pgf/math\pgfmathfunctions.code.tex) (S:\ProgrammierShit\MikTeX\tex/generic/pgf/math\pgfmathfunctions.basic.code.tex) (S:\ProgrammierShit\MikTeX\tex/generic/pgf/math\pgfmathfunctions.trigonometric.code.tex) (S:\ProgrammierShit\MikTeX\tex/generic/pgf/math\pgfmathfunctions.random.code.tex) (S:\ProgrammierShit\MikTeX\tex/generic/pgf/math\pgfmathfunctions.comparison.code.tex) (S:\ProgrammierShit\MikTeX\tex/generic/pgf/math\pgfmathfunctions.base.code.tex) (S:\ProgrammierShit\MikTeX\tex/generic/pgf/math\pgfmathfunctions.round.code.tex) (S:\ProgrammierShit\MikTeX\tex/generic/pgf/math\pgfmathfunctions.misc.code.tex) (S:\ProgrammierShit\MikTeX\tex/generic/pgf/math\pgfmathfunctions.integerarithmetics.code.tex) (S:\ProgrammierShit\MikTeX\tex/generic/pgf/math\pgfmathcalc.code.tex) (S:\ProgrammierShit\MikTeX\tex/generic/pgf/math\pgfmathfloat.code.tex
\c@pgfmathroundto@lastzeros=\count285
))) (S:\ProgrammierShit\MikTeX\tex/latex/base\size11.clo
File: size11.clo 2023/05/17 v1.4n Standard LaTeX file (size option)
) (S:\ProgrammierShit\MikTeX\tex/latex/pgf/basiclayer\pgfcore.sty (S:\ProgrammierShit\MikTeX\tex/latex/graphics\graphicx.sty
Package: graphicx 2021/09/16 v1.2d Enhanced LaTeX Graphics (DPC,SPQR)
 (S:\ProgrammierShit\MikTeX\tex/latex/graphics\graphics.sty
Package: graphics 2022/03/10 v1.4e Standard LaTeX Graphics (DPC,SPQR)
 (S:\ProgrammierShit\MikTeX\tex/latex/graphics\trig.sty
Package: trig 2021/08/11 v1.11 sin cos tan (DPC)
) (S:\ProgrammierShit\MikTeX\tex/latex/graphics-cfg\graphics.cfg
File: graphics.cfg 2016/06/04 v1.11 sample graphics configuration
)
Package graphics Info: Driver file: pdftex.def on input line 107.
 (S:\ProgrammierShit\MikTeX\tex/latex/graphics-def\pdftex.def
File: pdftex.def 2022/09/22 v1.2b Graphics/color driver for pdftex
))
\Gin@req@height=\dimen175
\Gin@req@width=\dimen176
) (S:\ProgrammierShit\MikTeX\tex/latex/pgf/systemlayer\pgfsys.sty (S:\ProgrammierShit\MikTeX\tex/generic/pgf/systemlayer\pgfsys.code.tex
Package: pgfsys 2023-01-15 v3.1.10 (3.1.10)
\pgf@x=\dimen177
\pgf@y=\dimen178
\pgf@xa=\dimen179
\pgf@ya=\dimen180
\pgf@xb=\dimen181
\pgf@yb=\dimen182
\pgf@xc=\dimen183
\pgf@yc=\dimen184
\pgf@xd=\dimen185
\pgf@yd=\dimen186
\w@pgf@writea=\write3
\r@pgf@reada=\read2
\c@pgf@counta=\count286
\c@pgf@countb=\count287
\c@pgf@countc=\count288
\c@pgf@countd=\count289
\t@pgf@toka=\toks26
\t@pgf@tokb=\toks27
\t@pgf@tokc=\toks28
\pgf@sys@id@count=\count290
 (S:\ProgrammierShit\MikTeX\tex/generic/pgf/systemlayer\pgf.cfg
File: pgf.cfg 2023-01-15 v3.1.10 (3.1.10)
)
Driver file for pgf: pgfsys-pdftex.def
 (S:\ProgrammierShit\MikTeX\tex/generic/pgf/systemlayer\pgfsys-pdftex.def
File: pgfsys-pdftex.def 2023-01-15 v3.1.10 (3.1.10)
 (S:\ProgrammierShit\MikTeX\tex/generic/pgf/systemlayer\pgfsys-common-pdf.def
File: pgfsys-common-pdf.def 2023-01-15 v3.1.10 (3.1.10)
))) (S:\ProgrammierShit\MikTeX\tex/generic/pgf/systemlayer\pgfsyssoftpath.code.tex
File: pgfsyssoftpath.code.tex 2023-01-15 v3.1.10 (3.1.10)
\pgfsyssoftpath@smallbuffer@items=\count291
\pgfsyssoftpath@bigbuffer@items=\count292
) (S:\ProgrammierShit\MikTeX\tex/generic/pgf/systemlayer\pgfsysprotocol.code.tex
File: pgfsysprotocol.code.tex 2023-01-15 v3.1.10 (3.1.10)
)) (S:\ProgrammierShit\MikTeX\tex/latex/xcolor\xcolor.sty
Package: xcolor 2022/06/12 v2.14 LaTeX color extensions (UK)
 (S:\ProgrammierShit\MikTeX\tex/latex/graphics-cfg\color.cfg
File: color.cfg 2016/01/02 v1.6 sample color configuration
)
Package xcolor Info: Driver file: pdftex.def on input line 227.
 (S:\ProgrammierShit\MikTeX\tex/latex/graphics\mathcolor.ltx)
Package xcolor Info: Model `cmy' substituted by `cmy0' on input line 1353.
Package xcolor Info: Model `hsb' substituted by `rgb' on input line 1357.
Package xcolor Info: Model `RGB' extended on input line 1369.
Package xcolor Info: Model `HTML' substituted by `rgb' on input line 1371.
Package xcolor Info: Model `Hsb' substituted by `hsb' on input line 1372.
Package xcolor Info: Model `tHsb' substituted by `hsb' on input line 1373.
Package xcolor Info: Model `HSB' substituted by `hsb' on input line 1374.
Package xcolor Info: Model `Gray' substituted by `gray' on input line 1375.
Package xcolor Info: Model `wave' substituted by `hsb' on input line 1376.
) (S:\ProgrammierShit\MikTeX\tex/generic/pgf/basiclayer\pgfcore.code.tex
Package: pgfcore 2023-01-15 v3.1.10 (3.1.10)
 (S:\ProgrammierShit\MikTeX\tex/generic/pgf/math\pgfint.code.tex) (S:\ProgrammierShit\MikTeX\tex/generic/pgf/basiclayer\pgfcorepoints.code.tex
File: pgfcorepoints.code.tex 2023-01-15 v3.1.10 (3.1.10)
\pgf@picminx=\dimen187
\pgf@picmaxx=\dimen188
\pgf@picminy=\dimen189
\pgf@picmaxy=\dimen190
\pgf@pathminx=\dimen191
\pgf@pathmaxx=\dimen192
\pgf@pathminy=\dimen193
\pgf@pathmaxy=\dimen194
\pgf@xx=\dimen195
\pgf@xy=\dimen196
\pgf@yx=\dimen197
\pgf@yy=\dimen198
\pgf@zx=\dimen199
\pgf@zy=\dimen256
) (S:\ProgrammierShit\MikTeX\tex/generic/pgf/basiclayer\pgfcorepathconstruct.code.tex
File: pgfcorepathconstruct.code.tex 2023-01-15 v3.1.10 (3.1.10)
\pgf@path@lastx=\dimen257
\pgf@path@lasty=\dimen258
) (S:\ProgrammierShit\MikTeX\tex/generic/pgf/basiclayer\pgfcorepathusage.code.tex
File: pgfcorepathusage.code.tex 2023-01-15 v3.1.10 (3.1.10)
\pgf@shorten@end@additional=\dimen259
\pgf@shorten@start@additional=\dimen260
) (S:\ProgrammierShit\MikTeX\tex/generic/pgf/basiclayer\pgfcorescopes.code.tex
File: pgfcorescopes.code.tex 2023-01-15 v3.1.10 (3.1.10)
\pgfpic=\box62
\pgf@hbox=\box63
\pgf@layerbox@main=\box64
\pgf@picture@serial@count=\count293
) (S:\ProgrammierShit\MikTeX\tex/generic/pgf/basiclayer\pgfcoregraphicstate.code.tex
File: pgfcoregraphicstate.code.tex 2023-01-15 v3.1.10 (3.1.10)
\pgflinewidth=\dimen261
) (S:\ProgrammierShit\MikTeX\tex/generic/pgf/basiclayer\pgfcoretransformations.code.tex
File: pgfcoretransformations.code.tex 2023-01-15 v3.1.10 (3.1.10)
\pgf@pt@x=\dimen262
\pgf@pt@y=\dimen263
\pgf@pt@temp=\dimen264
) (S:\ProgrammierShit\MikTeX\tex/generic/pgf/basiclayer\pgfcorequick.code.tex
File: pgfcorequick.code.tex 2023-01-15 v3.1.10 (3.1.10)
) (S:\ProgrammierShit\MikTeX\tex/generic/pgf/basiclayer\pgfcoreobjects.code.tex
File: pgfcoreobjects.code.tex 2023-01-15 v3.1.10 (3.1.10)
) (S:\ProgrammierShit\MikTeX\tex/generic/pgf/basiclayer\pgfcorepathprocessing.code.tex
File: pgfcorepathprocessing.code.tex 2023-01-15 v3.1.10 (3.1.10)
) (S:\ProgrammierShit\MikTeX\tex/generic/pgf/basiclayer\pgfcorearrows.code.tex
File: pgfcorearrows.code.tex 2023-01-15 v3.1.10 (3.1.10)
\pgfarrowsep=\dimen265
) (S:\ProgrammierShit\MikTeX\tex/generic/pgf/basiclayer\pgfcoreshade.code.tex
File: pgfcoreshade.code.tex 2023-01-15 v3.1.10 (3.1.10)
\pgf@max=\dimen266
\pgf@sys@shading@range@num=\count294
\pgf@shadingcount=\count295
) (S:\ProgrammierShit\MikTeX\tex/generic/pgf/basiclayer\pgfcoreimage.code.tex
File: pgfcoreimage.code.tex 2023-01-15 v3.1.10 (3.1.10)
) (S:\ProgrammierShit\MikTeX\tex/generic/pgf/basiclayer\pgfcoreexternal.code.tex
File: pgfcoreexternal.code.tex 2023-01-15 v3.1.10 (3.1.10)
\pgfexternal@startupbox=\box65
) (S:\ProgrammierShit\MikTeX\tex/generic/pgf/basiclayer\pgfcorelayers.code.tex
File: pgfcorelayers.code.tex 2023-01-15 v3.1.10 (3.1.10)
) (S:\ProgrammierShit\MikTeX\tex/generic/pgf/basiclayer\pgfcoretransparency.code.tex
File: pgfcoretransparency.code.tex 2023-01-15 v3.1.10 (3.1.10)
) (S:\ProgrammierShit\MikTeX\tex/generic/pgf/basiclayer\pgfcorepatterns.code.tex
File: pgfcorepatterns.code.tex 2023-01-15 v3.1.10 (3.1.10)
) (S:\ProgrammierShit\MikTeX\tex/generic/pgf/basiclayer\pgfcorerdf.code.tex
File: pgfcorerdf.code.tex 2023-01-15 v3.1.10 (3.1.10)
))) (S:\ProgrammierShit\MikTeX\tex/latex/pgf/utilities\xxcolor.sty
Package: xxcolor 2003/10/24 ver 0.1
\XC@nummixins=\count296
\XC@countmixins=\count297
) (S:\ProgrammierShit\MikTeX\tex/latex/base\atbegshi-ltx.sty
Package: atbegshi-ltx 2021/01/10 v1.0c Emulation of the original atbegshi
package with kernel methods
) (S:\ProgrammierShit\MikTeX\tex/latex/hyperref\hyperref.sty
Package: hyperref 2023-07-08 v7.01b Hypertext links for LaTeX
 (S:\ProgrammierShit\MikTeX\tex/generic/ltxcmds\ltxcmds.sty
Package: ltxcmds 2020-05-10 v1.25 LaTeX kernel commands for general use (HO)
) (S:\ProgrammierShit\MikTeX\tex/generic/pdftexcmds\pdftexcmds.sty
Package: pdftexcmds 2020-06-27 v0.33 Utility functions of pdfTeX for LuaTeX (HO)
 (S:\ProgrammierShit\MikTeX\tex/generic/infwarerr\infwarerr.sty
Package: infwarerr 2019/12/03 v1.5 Providing info/warning/error messages (HO)
)
Package pdftexcmds Info: \pdf@primitive is available.
Package pdftexcmds Info: \pdf@ifprimitive is available.
Package pdftexcmds Info: \pdfdraftmode found.
) (S:\ProgrammierShit\MikTeX\tex/latex/kvsetkeys\kvsetkeys.sty
Package: kvsetkeys 2022-10-05 v1.19 Key value parser (HO)
) (S:\ProgrammierShit\MikTeX\tex/generic/kvdefinekeys\kvdefinekeys.sty
Package: kvdefinekeys 2019-12-19 v1.6 Define keys (HO)
) (S:\ProgrammierShit\MikTeX\tex/generic/pdfescape\pdfescape.sty
Package: pdfescape 2019/12/09 v1.15 Implements pdfTeX's escape features (HO)
) (S:\ProgrammierShit\MikTeX\tex/latex/hycolor\hycolor.sty
Package: hycolor 2020-01-27 v1.10 Color options for hyperref/bookmark (HO)
) (S:\ProgrammierShit\MikTeX\tex/latex/letltxmacro\letltxmacro.sty
Package: letltxmacro 2019/12/03 v1.6 Let assignment for LaTeX macros (HO)
) (S:\ProgrammierShit\MikTeX\tex/latex/auxhook\auxhook.sty
Package: auxhook 2019-12-17 v1.6 Hooks for auxiliary files (HO)
) (S:\ProgrammierShit\MikTeX\tex/latex/hyperref\nameref.sty
Package: nameref 2023-08-07 v2.53 Cross-referencing by name of section
 (S:\ProgrammierShit\MikTeX\tex/latex/refcount\refcount.sty
Package: refcount 2019/12/15 v3.6 Data extraction from label references (HO)
) (S:\ProgrammierShit\MikTeX\tex/generic/gettitlestring\gettitlestring.sty
Package: gettitlestring 2019/12/15 v1.6 Cleanup title references (HO)
 (S:\ProgrammierShit\MikTeX\tex/latex/kvoptions\kvoptions.sty
Package: kvoptions 2022-06-15 v3.15 Key value format for package options (HO)
))
\c@section@level=\count298
)
\@linkdim=\dimen267
\Hy@linkcounter=\count299
\Hy@pagecounter=\count300
 (S:\ProgrammierShit\MikTeX\tex/latex/hyperref\pd1enc.def
File: pd1enc.def 2023-07-08 v7.01b Hyperref: PDFDocEncoding definition (HO)
Now handling font encoding PD1 ...
... no UTF-8 mapping file for font encoding PD1
) (S:\ProgrammierShit\MikTeX\tex/generic/intcalc\intcalc.sty
Package: intcalc 2019/12/15 v1.3 Expandable calculations with integers (HO)
)
\Hy@SavedSpaceFactor=\count301
 (S:\ProgrammierShit\MikTeX\tex/latex/hyperref\puenc.def
File: puenc.def 2023-07-08 v7.01b Hyperref: PDF Unicode definition (HO)
Now handling font encoding PU ...
... no UTF-8 mapping file for font encoding PU
)
Package hyperref Info: Option `bookmarks' set `true' on input line 4050.
Package hyperref Info: Option `bookmarksopen' set `true' on input line 4050.
Package hyperref Info: Option `implicit' set `false' on input line 4050.
Package hyperref Info: Hyper figures OFF on input line 4167.
Package hyperref Info: Link nesting OFF on input line 4172.
Package hyperref Info: Hyper index ON on input line 4175.
Package hyperref Info: Plain pages OFF on input line 4182.
Package hyperref Info: Backreferencing OFF on input line 4187.
Package hyperref Info: Implicit mode OFF; no redefinition of LaTeX internals.
Package hyperref Info: Bookmarks ON on input line 4434.
\c@Hy@tempcnt=\count302
 (S:\ProgrammierShit\MikTeX\tex/latex/url\url.sty
\Urlmuskip=\muskip16
Package: url 2013/09/16  ver 3.4  Verb mode for urls, etc.
)
LaTeX Info: Redefining \url on input line 4772.
\XeTeXLinkMargin=\dimen268
 (S:\ProgrammierShit\MikTeX\tex/generic/bitset\bitset.sty
Package: bitset 2019/12/09 v1.3 Handle bit-vector datatype (HO)
 (S:\ProgrammierShit\MikTeX\tex/generic/bigintcalc\bigintcalc.sty
Package: bigintcalc 2019/12/15 v1.5 Expandable calculations on big integers (HO)
))
\Fld@menulength=\count303
\Field@Width=\dimen269
\Fld@charsize=\dimen270
Package hyperref Info: Hyper figures OFF on input line 6051.
Package hyperref Info: Link nesting OFF on input line 6056.
Package hyperref Info: Hyper index ON on input line 6059.
Package hyperref Info: backreferencing OFF on input line 6066.
Package hyperref Info: Link coloring OFF on input line 6071.
Package hyperref Info: Link coloring with OCG OFF on input line 6076.
Package hyperref Info: PDF/A mode OFF on input line 6081.
\Hy@abspage=\count304


Package hyperref Message: Stopped early.

)
Package hyperref Info: Driver (autodetected): hpdftex.
 (S:\ProgrammierShit\MikTeX\tex/latex/hyperref\hpdftex.def
File: hpdftex.def 2023-07-08 v7.01b Hyperref driver for pdfTeX
 (S:\ProgrammierShit\MikTeX\tex/latex/base\atveryend-ltx.sty
Package: atveryend-ltx 2020/08/19 v1.0a Emulation of the original atveryend package
with kernel methods
)
\Fld@listcount=\count305
\c@bookmark@seq@number=\count306
 (S:\ProgrammierShit\MikTeX\tex/latex/rerunfilecheck\rerunfilecheck.sty
Package: rerunfilecheck 2022-07-10 v1.10 Rerun checks for auxiliary files (HO)
 (S:\ProgrammierShit\MikTeX\tex/generic/uniquecounter\uniquecounter.sty
Package: uniquecounter 2019/12/15 v1.4 Provide unlimited unique counter (HO)
)
Package uniquecounter Info: New unique counter `rerunfilecheck' on input line 285.
)) (S:\ProgrammierShit\MikTeX\tex/latex/beamer\beamerbaserequires.sty (S:\ProgrammierShit\MikTeX\tex/latex/beamer\beamerbasecompatibility.sty) (S:\ProgrammierShit\MikTeX\tex/latex/beamer\beamerbasefont.sty (S:\ProgrammierShit\MikTeX\tex/latex/amsfonts\amssymb.sty
Package: amssymb 2013/01/14 v3.01 AMS font symbols
 (S:\ProgrammierShit\MikTeX\tex/latex/amsfonts\amsfonts.sty
Package: amsfonts 2013/01/14 v3.01 Basic AMSFonts support
\@emptytoks=\toks29
\symAMSa=\mathgroup4
\symAMSb=\mathgroup5
LaTeX Font Info:    Redeclaring math symbol \hbar on input line 98.
LaTeX Font Info:    Overwriting math alphabet `\mathfrak' in version `bold'
(Font)                  U/euf/m/n --> U/euf/b/n on input line 106.
)) (S:\ProgrammierShit\MikTeX\tex/latex/sansmathaccent\sansmathaccent.sty
Package: sansmathaccent 2020/01/31
 (S:\ProgrammierShit\MikTeX\tex/latex/koma-script\scrlfile.sty
Package: scrlfile 2023/07/07 v3.41 KOMA-Script package (file load hooks)
 (S:\ProgrammierShit\MikTeX\tex/latex/koma-script\scrlfile-hook.sty
Package: scrlfile-hook 2023/07/07 v3.41 KOMA-Script package (using LaTeX hooks)
 (S:\ProgrammierShit\MikTeX\tex/latex/koma-script\scrlogo.sty
Package: scrlogo 2023/07/07 v3.41 KOMA-Script package (logo)
))))) (S:\ProgrammierShit\MikTeX\tex/latex/beamer\beamerbasetranslator.sty (S:\ProgrammierShit\MikTeX\tex/latex/translator\translator.sty
Package: translator 2021-05-31 v1.12d Easy translation of strings in LaTeX
)) (S:\ProgrammierShit\MikTeX\tex/latex/beamer\beamerbasemisc.sty) (S:\ProgrammierShit\MikTeX\tex/latex/beamer\beamerbasetwoscreens.sty) (S:\ProgrammierShit\MikTeX\tex/latex/beamer\beamerbaseoverlay.sty
\beamer@argscount=\count307
\beamer@lastskipcover=\skip51
\beamer@trivlistdepth=\count308
) (S:\ProgrammierShit\MikTeX\tex/latex/beamer\beamerbasetitle.sty) (S:\ProgrammierShit\MikTeX\tex/latex/beamer\beamerbasesection.sty
\c@lecture=\count309
\c@part=\count310
\c@section=\count311
\c@subsection=\count312
\c@subsubsection=\count313
) (S:\ProgrammierShit\MikTeX\tex/latex/beamer\beamerbaseframe.sty
\beamer@framebox=\box66
\beamer@frametitlebox=\box67
\beamer@zoombox=\box68
\beamer@zoomcount=\count314
\beamer@zoomframecount=\count315
\beamer@frametextheight=\dimen271
\c@subsectionslide=\count316
\beamer@frametopskip=\skip52
\beamer@framebottomskip=\skip53
\beamer@frametopskipautobreak=\skip54
\beamer@framebottomskipautobreak=\skip55
\beamer@envbody=\toks30
\framewidth=\dimen272
\c@framenumber=\count317
) (S:\ProgrammierShit\MikTeX\tex/latex/beamer\beamerbaseverbatim.sty
\beamer@verbatimfileout=\write4
) (S:\ProgrammierShit\MikTeX\tex/latex/beamer\beamerbaseframesize.sty
\beamer@splitbox=\box69
\beamer@autobreakcount=\count318
\beamer@autobreaklastheight=\dimen273
\beamer@frametitletoks=\toks31
\beamer@framesubtitletoks=\toks32
) (S:\ProgrammierShit\MikTeX\tex/latex/beamer\beamerbaseframecomponents.sty
\beamer@colheight=\skip56
\beamer@footins=\box70
) (S:\ProgrammierShit\MikTeX\tex/latex/beamer\beamerbasecolor.sty) (S:\ProgrammierShit\MikTeX\tex/latex/beamer\beamerbasenotes.sty
\beamer@frameboxcopy=\box71
) (S:\ProgrammierShit\MikTeX\tex/latex/beamer\beamerbasetoc.sty) (S:\ProgrammierShit\MikTeX\tex/latex/beamer\beamerbasetemplates.sty
\beamer@sbttoks=\toks33
 (S:\ProgrammierShit\MikTeX\tex/latex/beamer\beamerbaseauxtemplates.sty (S:\ProgrammierShit\MikTeX\tex/latex/beamer\beamerbaseboxes.sty
\bmb@box=\box72
\bmb@colorbox=\box73
\bmb@boxwidth=\dimen274
\bmb@boxheight=\dimen275
\bmb@prevheight=\dimen276
\bmb@temp=\dimen277
\bmb@dima=\dimen278
\bmb@dimb=\dimen279
\bmb@prevheight=\dimen280
)
\beamer@blockheadheight=\dimen281
)) (S:\ProgrammierShit\MikTeX\tex/latex/beamer\beamerbaselocalstructure.sty (S:\ProgrammierShit\MikTeX\tex/latex/tools\enumerate.sty
Package: enumerate 2015/07/23 v3.00 enumerate extensions (DPC)
\@enLab=\toks34
)
\beamer@bibiconwidth=\skip57
\c@figure=\count319
\c@table=\count320
\abovecaptionskip=\skip58
\belowcaptionskip=\skip59
) (S:\ProgrammierShit\MikTeX\tex/latex/beamer\beamerbasenavigation.sty (S:\ProgrammierShit\MikTeX\tex/latex/beamer\beamerbasenavigationsymbols.tex)
\beamer@section@min@dim=\dimen282
) (S:\ProgrammierShit\MikTeX\tex/latex/beamer\beamerbasetheorems.sty (S:\ProgrammierShit\MikTeX\tex/latex/amsmath\amsmath.sty
Package: amsmath 2023/05/13 v2.17o AMS math features
\@mathmargin=\skip60

For additional information on amsmath, use the `?' option.
(S:\ProgrammierShit\MikTeX\tex/latex/amsmath\amstext.sty
Package: amstext 2021/08/26 v2.01 AMS text
 (S:\ProgrammierShit\MikTeX\tex/latex/amsmath\amsgen.sty
File: amsgen.sty 1999/11/30 v2.0 generic functions
\@emptytoks=\toks35
\ex@=\dimen283
)) (S:\ProgrammierShit\MikTeX\tex/latex/amsmath\amsbsy.sty
Package: amsbsy 1999/11/29 v1.2d Bold Symbols
\pmbraise@=\dimen284
) (S:\ProgrammierShit\MikTeX\tex/latex/amsmath\amsopn.sty
Package: amsopn 2022/04/08 v2.04 operator names
)
\inf@bad=\count321
LaTeX Info: Redefining \frac on input line 234.
\uproot@=\count322
\leftroot@=\count323
LaTeX Info: Redefining \overline on input line 399.
LaTeX Info: Redefining \colon on input line 410.
\classnum@=\count324
\DOTSCASE@=\count325
LaTeX Info: Redefining \ldots on input line 496.
LaTeX Info: Redefining \dots on input line 499.
LaTeX Info: Redefining \cdots on input line 620.
\Mathstrutbox@=\box74
\strutbox@=\box75
LaTeX Info: Redefining \big on input line 722.
LaTeX Info: Redefining \Big on input line 723.
LaTeX Info: Redefining \bigg on input line 724.
LaTeX Info: Redefining \Bigg on input line 725.
\big@size=\dimen285
LaTeX Font Info:    Redeclaring font encoding OML on input line 743.
LaTeX Font Info:    Redeclaring font encoding OMS on input line 744.
\macc@depth=\count326
LaTeX Info: Redefining \bmod on input line 905.
LaTeX Info: Redefining \pmod on input line 910.
LaTeX Info: Redefining \smash on input line 940.
LaTeX Info: Redefining \relbar on input line 970.
LaTeX Info: Redefining \Relbar on input line 971.
\c@MaxMatrixCols=\count327
\dotsspace@=\muskip17
\c@parentequation=\count328
\dspbrk@lvl=\count329
\tag@help=\toks36
\row@=\count330
\column@=\count331
\maxfields@=\count332
\andhelp@=\toks37
\eqnshift@=\dimen286
\alignsep@=\dimen287
\tagshift@=\dimen288
\tagwidth@=\dimen289
\totwidth@=\dimen290
\lineht@=\dimen291
\@envbody=\toks38
\multlinegap=\skip61
\multlinetaggap=\skip62
\mathdisplay@stack=\toks39
LaTeX Info: Redefining \[ on input line 2953.
LaTeX Info: Redefining \] on input line 2954.
) (S:\ProgrammierShit\MikTeX\tex/latex/amscls\amsthm.sty
Package: amsthm 2020/05/29 v2.20.6
\thm@style=\toks40
\thm@bodyfont=\toks41
\thm@headfont=\toks42
\thm@notefont=\toks43
\thm@headpunct=\toks44
\thm@preskip=\skip63
\thm@postskip=\skip64
\thm@headsep=\skip65
\dth@everypar=\toks45
)
\c@theorem=\count333
) (S:\ProgrammierShit\MikTeX\tex/latex/beamer\beamerbasethemes.sty)) (S:\ProgrammierShit\MikTeX\tex/latex/beamer\beamerthemedefault.sty (S:\ProgrammierShit\MikTeX\tex/latex/beamer\beamerfontthemedefault.sty) (S:\ProgrammierShit\MikTeX\tex/latex/beamer\beamercolorthemedefault.sty) (S:\ProgrammierShit\MikTeX\tex/latex/beamer\beamerinnerthemedefault.sty
\beamer@dima=\dimen292
\beamer@dimb=\dimen293
) (S:\ProgrammierShit\MikTeX\tex/latex/beamer\beamerouterthemedefault.sty))) (S:\ProgrammierShit\MikTeX\tex/latex/beamer\beamerfontthemeprofessionalfonts.sty) (S:\ProgrammierShit\MikTeX\tex/latex/algorithm2e\algorithm2e.sty
Package: algorithm2e 2017/07/18 v5.2 algorithms environments
\c@AlgoLine=\count334
 (S:\ProgrammierShit\MikTeX\tex/latex/base\ifthen.sty
Package: ifthen 2022/04/13 v1.1d Standard LaTeX ifthen package (DPC)
)
\algocf@hangindent=\skip66
 (S:\ProgrammierShit\MikTeX\tex/latex/ifoddpage\ifoddpage.sty
Package: ifoddpage 2022/10/18 v1.2 Conditionals for odd/even page detection
\c@checkoddpage=\count335
) (S:\ProgrammierShit\MikTeX\tex/latex/tools\xspace.sty
Package: xspace 2014/10/28 v1.13 Space after command names (DPC,MH)
) (S:\ProgrammierShit\MikTeX\tex/latex/relsize\relsize.sty
Package: relsize 2013/03/29 ver 4.1
)
\skiptotal=\skip67
\skiplinenumber=\skip68
\skiprule=\skip69
\skiphlne=\skip70
\skiptext=\skip71
\skiplength=\skip72
\algomargin=\skip73
\skipalgocfslide=\skip74
\algowidth=\dimen294
\inoutsize=\dimen295
\inoutindent=\dimen296
\interspacetitleruled=\dimen297
\interspacealgoruled=\dimen298
\interspacetitleboxruled=\dimen299
\algocf@ruledwidth=\skip75
\algocf@inoutbox=\box76
\algocf@inputbox=\box77
\AlCapSkip=\skip76
\AlCapHSkip=\skip77
\algoskipindent=\skip78
\algocf@nlbox=\box78
\algocf@hangingbox=\box79
\algocf@untilbox=\box80
\algocf@skipuntil=\skip79
\algocf@capbox=\box81
\algocf@lcaptionbox=\skip80
\algoheightruledefault=\skip81
\algoheightrule=\skip82
\algotitleheightruledefault=\skip83
\algotitleheightrule=\skip84
\c@algocfline=\count336
\c@algocfproc=\count337
\c@algocf=\count338
\algocf@algoframe=\box82
\algocf@algobox=\box83
) (S:\ProgrammierShit\MikTeX\tex/latex/tools\tabularx.sty
Package: tabularx 2020/01/15 v2.11c `tabularx' package (DPC)
 (S:\ProgrammierShit\MikTeX\tex/latex/tools\array.sty
Package: array 2022/09/04 v2.5g Tabular extension package (FMi)
\col@sep=\dimen300
\ar@mcellbox=\box84
\extrarowheight=\dimen301
\NC@list=\toks46
\extratabsurround=\skip85
\backup@length=\skip86
\ar@cellbox=\box85
)
\TX@col@width=\dimen302
\TX@old@table=\dimen303
\TX@old@col=\dimen304
\TX@target=\dimen305
\TX@delta=\dimen306
\TX@cols=\count339
\TX@ftn=\toks47
) (S:\ProgrammierShit\MikTeX\tex/latex/makecell\makecell.sty
Package: makecell 2009/08/03 V0.1e Managing of Tab Column Heads and Cells
\rotheadsize=\dimen307
\c@nlinenum=\count340
\TeXr@lab=\toks48
) (S:\ProgrammierShit\MikTeX\tex/latex/pgf/frontendlayer\tikz.sty (S:\ProgrammierShit\MikTeX\tex/latex/pgf/basiclayer\pgf.sty
Package: pgf 2023-01-15 v3.1.10 (3.1.10)
 (S:\ProgrammierShit\MikTeX\tex/generic/pgf/modules\pgfmoduleshapes.code.tex
File: pgfmoduleshapes.code.tex 2023-01-15 v3.1.10 (3.1.10)
\pgfnodeparttextbox=\box86
) (S:\ProgrammierShit\MikTeX\tex/generic/pgf/modules\pgfmoduleplot.code.tex
File: pgfmoduleplot.code.tex 2023-01-15 v3.1.10 (3.1.10)
) (S:\ProgrammierShit\MikTeX\tex/latex/pgf/compatibility\pgfcomp-version-0-65.sty
Package: pgfcomp-version-0-65 2023-01-15 v3.1.10 (3.1.10)
\pgf@nodesepstart=\dimen308
\pgf@nodesepend=\dimen309
) (S:\ProgrammierShit\MikTeX\tex/latex/pgf/compatibility\pgfcomp-version-1-18.sty
Package: pgfcomp-version-1-18 2023-01-15 v3.1.10 (3.1.10)
)) (S:\ProgrammierShit\MikTeX\tex/latex/pgf/utilities\pgffor.sty (S:\ProgrammierShit\MikTeX\tex/generic/pgf/utilities\pgffor.code.tex
Package: pgffor 2023-01-15 v3.1.10 (3.1.10)
\pgffor@iter=\dimen310
\pgffor@skip=\dimen311
\pgffor@stack=\toks49
\pgffor@toks=\toks50
)) (S:\ProgrammierShit\MikTeX\tex/generic/pgf/frontendlayer/tikz\tikz.code.tex
Package: tikz 2023-01-15 v3.1.10 (3.1.10)
 (S:\ProgrammierShit\MikTeX\tex/generic/pgf/libraries\pgflibraryplothandlers.code.tex
File: pgflibraryplothandlers.code.tex 2023-01-15 v3.1.10 (3.1.10)
\pgf@plot@mark@count=\count341
\pgfplotmarksize=\dimen312
)
\tikz@lastx=\dimen313
\tikz@lasty=\dimen314
\tikz@lastxsaved=\dimen315
\tikz@lastysaved=\dimen316
\tikz@lastmovetox=\dimen317
\tikz@lastmovetoy=\dimen318
\tikzleveldistance=\dimen319
\tikzsiblingdistance=\dimen320
\tikz@figbox=\box87
\tikz@figbox@bg=\box88
\tikz@tempbox=\box89
\tikz@tempbox@bg=\box90
\tikztreelevel=\count342
\tikznumberofchildren=\count343
\tikznumberofcurrentchild=\count344
\tikz@fig@count=\count345
 (S:\ProgrammierShit\MikTeX\tex/generic/pgf/modules\pgfmodulematrix.code.tex
File: pgfmodulematrix.code.tex 2023-01-15 v3.1.10 (3.1.10)
\pgfmatrixcurrentrow=\count346
\pgfmatrixcurrentcolumn=\count347
\pgf@matrix@numberofcolumns=\count348
)
\tikz@expandcount=\count349
 (S:\ProgrammierShit\MikTeX\tex/generic/pgf/frontendlayer/tikz/libraries\tikzlibrarytopaths.code.tex
File: tikzlibrarytopaths.code.tex 2023-01-15 v3.1.10 (3.1.10)
))) (S:\ProgrammierShit\MikTeX\tex/generic/pgf/libraries\pgflibraryarrows.meta.code.tex
File: pgflibraryarrows.meta.code.tex 2023-01-15 v3.1.10 (3.1.10)
\pgfarrowinset=\dimen321
\pgfarrowlength=\dimen322
\pgfarrowwidth=\dimen323
\pgfarrowlinewidth=\dimen324
) (S:\ProgrammierShit\MikTeX\tex/generic/pgf/frontendlayer/tikz/libraries\tikzlibrarypositioning.code.tex
File: tikzlibrarypositioning.code.tex 2023-01-15 v3.1.10 (3.1.10)
) (S:\ProgrammierShit\MikTeX\tex/latex/textpos\textpos.sty
Package: textpos 2022/07/23 v1.10.1
Package textpos Info: choosing support for LaTeX3 on input line 60.
\TP@textbox=\box91
\TP@holdbox=\box92
\TPHorizModule=\dimen325
\TPVertModule=\dimen326
\TP@margin=\dimen327
\TP@absmargin=\dimen328

Grid set 16 x 16 = 22.7622pt x 17.07166pt
\TPboxrulesize=\dimen329
\TP@ox=\dimen330
\TP@oy=\dimen331
\TP@tbargs=\toks51
TextBlockOrigin set to 0pt x 0pt
) (S:\ProgrammierShit\MikTeX\tex/latex/l3backend\l3backend-pdftex.def
File: l3backend-pdftex.def 2023-10-10 L3 backend support: PDF output (pdfTeX)
\l__color_backend_stack_int=\count350
\l__pdf_internal_box=\box93
) (defense_slides_with_overview_nav.aux)
\openout1 = `defense_slides_with_overview_nav.aux'.

LaTeX Font Info:    Checking defaults for OML/cmm/m/it on input line 74.
LaTeX Font Info:    ... okay on input line 74.
LaTeX Font Info:    Checking defaults for OMS/cmsy/m/n on input line 74.
LaTeX Font Info:    ... okay on input line 74.
LaTeX Font Info:    Checking defaults for OT1/cmr/m/n on input line 74.
LaTeX Font Info:    ... okay on input line 74.
LaTeX Font Info:    Checking defaults for T1/cmr/m/n on input line 74.
LaTeX Font Info:    ... okay on input line 74.
LaTeX Font Info:    Checking defaults for TS1/cmr/m/n on input line 74.
LaTeX Font Info:    ... okay on input line 74.
LaTeX Font Info:    Checking defaults for OMX/cmex/m/n on input line 74.
LaTeX Font Info:    ... okay on input line 74.
LaTeX Font Info:    Checking defaults for U/cmr/m/n on input line 74.
LaTeX Font Info:    ... okay on input line 74.
LaTeX Font Info:    Checking defaults for PD1/pdf/m/n on input line 74.
LaTeX Font Info:    ... okay on input line 74.
LaTeX Font Info:    Checking defaults for PU/pdf/m/n on input line 74.
LaTeX Font Info:    ... okay on input line 74.

*geometry* driver: auto-detecting
*geometry* detected driver: pdftex
*geometry* verbose mode - [ preamble ] result:
* driver: pdftex
* paper: custom
* layout: <same size as paper>
* layoutoffset:(h,v)=(0.0pt,0.0pt)
* modes: includehead includefoot 
* h-part:(L,W,R)=(28.45274pt, 307.28987pt, 28.45274pt)
* v-part:(T,H,B)=(0.0pt, 273.14662pt, 0.0pt)
* \paperwidth=364.19536pt
* \paperheight=273.14662pt
* \textwidth=307.28987pt
* \textheight=244.6939pt
* \oddsidemargin=-43.81725pt
* \evensidemargin=-43.81725pt
* \topmargin=-72.26999pt
* \headheight=14.22636pt
* \headsep=0.0pt
* \topskip=11.0pt
* \footskip=14.22636pt
* \marginparwidth=4.0pt
* \marginparsep=10.0pt
* \columnsep=10.0pt
* \skip\footins=10.0pt plus 4.0pt minus 2.0pt
* \hoffset=0.0pt
* \voffset=0.0pt
* \mag=1000
* \@twocolumnfalse
* \@twosidefalse
* \@mparswitchfalse
* \@reversemarginfalse
* (1in=72.27pt=25.4mm, 1cm=28.453pt)

(S:\ProgrammierShit\MikTeX\tex/context/base/mkii\supp-pdf.mkii
[Loading MPS to PDF converter (version 2006.09.02).]
\scratchcounter=\count351
\scratchdimen=\dimen332
\scratchbox=\box94
\nofMPsegments=\count352
\nofMParguments=\count353
\everyMPshowfont=\toks52
\MPscratchCnt=\count354
\MPscratchDim=\dimen333
\MPnumerator=\count355
\makeMPintoPDFobject=\count356
\everyMPtoPDFconversion=\toks53
) (S:\ProgrammierShit\MikTeX\tex/latex/epstopdf-pkg\epstopdf-base.sty
Package: epstopdf-base 2020-01-24 v2.11 Base part for package epstopdf
 (S:\ProgrammierShit\MikTeX\tex/latex/grfext\grfext.sty
Package: grfext 2019/12/03 v1.3 Manage graphics extensions (HO)
)
Package epstopdf-base Info: Redefining graphics rule for `.eps' on input line 485.
Package grfext Info: Graphics extension search list:
(grfext)             [.pdf,.png,.jpg,.mps,.jpeg,.jbig2,.jb2,.PDF,.PNG,.JPG,.JPEG,.JBIG2,.JB2,.eps]
(grfext)             \AppendGraphicsExtensions on input line 504.
 (S:\ProgrammierShit\MikTeX\tex/latex/00miktex\epstopdf-sys.cfg
File: epstopdf-sys.cfg 2021/03/18 v2.0 Configuration of epstopdf for MiKTeX
))
Package hyperref Info: Link coloring OFF on input line 74.
 (defense_slides_with_overview_nav.out) (defense_slides_with_overview_nav.out)
\@outlinefile=\write5
\openout5 = `defense_slides_with_overview_nav.out'.

 (S:\ProgrammierShit\MikTeX\tex/latex/translator\translator-basic-dictionary-English.dict
Dictionary: translator-basic-dictionary, Language: English 
) (S:\ProgrammierShit\MikTeX\tex/latex/translator\translator-bibliography-dictionary-English.dict
Dictionary: translator-bibliography-dictionary, Language: English 
) (S:\ProgrammierShit\MikTeX\tex/latex/translator\translator-environment-dictionary-English.dict
Dictionary: translator-environment-dictionary, Language: English 
) (S:\ProgrammierShit\MikTeX\tex/latex/translator\translator-months-dictionary-English.dict
Dictionary: translator-months-dictionary, Language: English 
) (S:\ProgrammierShit\MikTeX\tex/latex/translator\translator-numbers-dictionary-English.dict
Dictionary: translator-numbers-dictionary, Language: English 
) (S:\ProgrammierShit\MikTeX\tex/latex/translator\translator-theorem-dictionary-English.dict
Dictionary: translator-theorem-dictionary, Language: English 
) (defense_slides_with_overview_nav.nav)
<assets/university.png, id=12, 338.26375pt x 142.03062pt>
File: assets/university.png Graphic file (type png)
<use assets/university.png>
Package pdftex.def Info: assets/university.png  used on input line 86.
(pdftex.def)             Requested size: 72.83795pt x 30.58366pt.
<assets/SOSY-Logo.png, id=14, 1604.99625pt x 614.295pt>
File: assets/SOSY-Logo.png Graphic file (type png)
<use assets/SOSY-Logo.png>
Package pdftex.def Info: assets/SOSY-Logo.png  used on input line 86.
(pdftex.def)             Requested size: 72.83795pt x 27.8764pt.
<assets/rna_ensemble2.png, id=15, 1185.67969pt x 575.90157pt>
File: assets/rna_ensemble2.png Graphic file (type png)
<use assets/rna_ensemble2.png>
Package pdftex.def Info: assets/rna_ensemble2.png  used on input line 86.
(pdftex.def)             Requested size: 364.1918pt x 176.89316pt.
 [1

{C:/Users/Richm/AppData/Local/MiKTeX/fonts/map/pdftex/pdftex.map} <./assets/rna_ensemble2.png> <./assets/university.png> <./assets/SOSY-Logo.png>]
<assets/thesisinpictures.png, id=26, 13279.6125pt x 7468.90375pt>
File: assets/thesisinpictures.png Graphic file (type png)
<use assets/thesisinpictures.png>
Package pdftex.def Info: assets/thesisinpictures.png  used on input line 95.
(pdftex.def)             Requested size: 364.12666pt x 204.79716pt.
 [2

 <./assets/thesisinpictures.png>]
File: assets/thesisinpictures.png Graphic file (type png)
<use assets/thesisinpictures.png>
Package pdftex.def Info: assets/thesisinpictures.png  used on input line 113.
(pdftex.def)             Requested size: 364.12666pt x 204.79716pt.
 [3

]
File: assets/thesisinpictures.png Graphic file (type png)
<use assets/thesisinpictures.png>
Package pdftex.def Info: assets/thesisinpictures.png  used on input line 113.
(pdftex.def)             Requested size: 364.12666pt x 204.79716pt.
 [4

]
File: assets/thesisinpictures.png Graphic file (type png)
<use assets/thesisinpictures.png>
Package pdftex.def Info: assets/thesisinpictures.png  used on input line 113.
(pdftex.def)             Requested size: 364.12666pt x 204.79716pt.
 [5

]
File: assets/thesisinpictures.png Graphic file (type png)
<use assets/thesisinpictures.png>
Package pdftex.def Info: assets/thesisinpictures.png  used on input line 113.
(pdftex.def)             Requested size: 364.12666pt x 204.79716pt.
 [6

]
File: assets/thesisinpictures.png Graphic file (type png)
<use assets/thesisinpictures.png>
Package pdftex.def Info: assets/thesisinpictures.png  used on input line 113.
(pdftex.def)             Requested size: 364.12666pt x 204.79716pt.
 [7

]
LaTeX Font Info:    Trying to load font information for U+msa on input line 119.
 (S:\ProgrammierShit\MikTeX\tex/latex/amsfonts\umsa.fd
File: umsa.fd 2013/01/14 v3.01 AMS symbols A
)
LaTeX Font Info:    Trying to load font information for U+msb on input line 119.
 (S:\ProgrammierShit\MikTeX\tex/latex/amsfonts\umsb.fd
File: umsb.fd 2013/01/14 v3.01 AMS symbols B
)
Underfull \hbox (badness 10000) detected at line 119
[][][][][][][][][][][][][][][][][][][][][][][][][][][][][][][]
 []

[8

]
Underfull \hbox (badness 10000) detected at line 204
[][][][][][][][][][][][][][][][][][][][][][][][][][][][][][][]
 []


Underfull \hbox (badness 10000) has occurred while \output is active
[][][][][][][][][][][][][][][][][][][][][][][][][][][][][][][]
 []

[9

]
Underfull \hbox (badness 10000) detected at line 211
[][][][][][][][][][][][][][][][][][][][][][][][][][][][][][][]
 []

<assets/looptypes.png, id=75, 2409.0pt x 762.59906pt>
File: assets/looptypes.png Graphic file (type png)
<use assets/looptypes.png>
Package pdftex.def Info: assets/looptypes.png  used on input line 211.
(pdftex.def)             Requested size: 307.26291pt x 97.2679pt.

Underfull \hbox (badness 10000) has occurred while \output is active
[][][][][][][][][][][][][][][][][][][][][][][][][][][][][][][]
 []

[10

 <./assets/looptypes.png>]
File: assets/looptypes.png Graphic file (type png)
<use assets/looptypes.png>
Package pdftex.def Info: assets/looptypes.png  used on input line 211.
(pdftex.def)             Requested size: 307.26291pt x 97.2679pt.

Underfull \hbox (badness 10000) has occurred while \output is active
[][][][][][][][][][][][][][][][][][][][][][][][][][][][][][][]
 []

[11

]
Underfull \hbox (badness 10000) detected at line 229
[][][][][][][][][][][][][][][][][][][][][][][][][][][][][][][]
 []

<assets/collage.png, id=86, 2032.59375pt x 1355.0625pt>
File: assets/collage.png Graphic file (type png)
<use assets/collage.png>
Package pdftex.def Info: assets/collage.png  used on input line 229.
(pdftex.def)             Requested size: 280.68433pt x 187.12288pt.

Underfull \hbox (badness 10000) has occurred while \output is active
[][][][][][][][][][][][][][][][][][][][][][][][][][][][][][][]
 []

[12

 <./assets/collage.png>]
<assets/bp_matrix_plot.png, id=92, 382.3083pt x 393.8715pt>
File: assets/bp_matrix_plot.png Graphic file (type png)
<use assets/bp_matrix_plot.png>
Package pdftex.def Info: assets/bp_matrix_plot.png  used on input line 229.
(pdftex.def)             Requested size: 150.57372pt x 155.12979pt.

Underfull \hbox (badness 10000) has occurred while \output is active
[][][][][][][][][][][][][][][][][][][][][][][][][][][][][][][]
 []

[13

 <./assets/bp_matrix_plot.png>]
File: assets/bp_matrix_plot.png Graphic file (type png)
<use assets/bp_matrix_plot.png>
Package pdftex.def Info: assets/bp_matrix_plot.png  used on input line 229.
(pdftex.def)             Requested size: 150.57372pt x 155.12979pt.
<assets/mcc.png, id=100, 508.90125pt x 372.64218pt>
File: assets/mcc.png Graphic file (type png)
<use assets/mcc.png>
Package pdftex.def Info: assets/mcc.png  used on input line 229.
(pdftex.def)             Requested size: 150.57372pt x 110.25827pt.

Underfull \hbox (badness 10000) has occurred while \output is active
[][][][][][][][][][][][][][][][][][][][][][][][][][][][][][][]
 []

[14

 <./assets/mcc.png>]
Underfull \hbox (badness 10000) detected at line 245
[][][][][][][][][][][][][][][][][][][][][][][][][][][][][][][]
 []

<assets/real_feynman_from_lecture.png, id=107, 449.42906pt x 231.11343pt>
File: assets/real_feynman_from_lecture.png Graphic file (type png)
<use assets/real_feynman_from_lecture.png>
Package pdftex.def Info: assets/real_feynman_from_lecture.png  used on input line 245.
(pdftex.def)             Requested size: 150.57372pt x 77.43141pt.
<assets/cnn_implmemetnaion_visualization.png, id=108, 1496.59125pt x 1058.95625pt>
File: assets/cnn_implmemetnaion_visualization.png Graphic file (type png)
<use assets/cnn_implmemetnaion_visualization.png>
Package pdftex.def Info: assets/cnn_implmemetnaion_visualization.png  used on input line 245.
(pdftex.def)             Requested size: 150.57372pt x 106.532pt.

Underfull \hbox (badness 10000) has occurred while \output is active
[][][][][][][][][][][][][][][][][][][][][][][][][][][][][][][]
 []

[15

 <./assets/real_feynman_from_lecture.png> <./assets/cnn_implmemetnaion_visualization.png (PNG copy)>]
Underfull \hbox (badness 10000) detected at line 248
[][][][][][][][][][][][][][][][][][][][][][][][][][][][][][][]
 []

[16

]
Underfull \hbox (badness 10000) detected at line 259
[][][][][][][][][][][][][][][][][][][][][][][][][][][][][][][]
 []


LaTeX Font Warning: Font shape `OT1/cmss/bx/it' undefined
(Font)              using `OT1/cmss/bx/n' instead on input line 259.


Underfull \hbox (badness 10000) has occurred while \output is active
[][][][][][][][][][][][][][][][][][][][][][][][][][][][][][][]
 []

[17

]
Underfull \hbox (badness 10000) has occurred while \output is active
[][][][][][][][][][][][][][][][][][][][][][][][][][][][][][][]
 []

[18

]
Underfull \hbox (badness 10000) has occurred while \output is active
[][][][][][][][][][][][][][][][][][][][][][][][][][][][][][][]
 []

[19

]
Underfull \hbox (badness 10000) detected at line 263
[][][][][][][][][][][][][][][][][][][][][][][][][][][][][][][]
 []

[20

]
Underfull \hbox (badness 10000) detected at line 293
[][][][][][][][][][][][][][][][][][][][][][][][][][][][][][][]
 []


Overfull \hbox (8.87819pt too wide) in paragraph at lines 293--293
 []|[][][][][][]| 
 []


Overfull \hbox (8.87819pt too wide) in paragraph at lines 293--293
 []|[][][][][][]| 
 []


Overfull \hbox (8.87819pt too wide) in paragraph at lines 293--293
 []|[][][][][][]| 
 []


Underfull \hbox (badness 10000) has occurred while \output is active
[][][][][][][][][][][][][][][][][][][][][][][][][][][][][][][]
 []

[21

]
Overfull \hbox (8.87819pt too wide) in paragraph at lines 293--293
 []|[][][][][][]| 
 []


Overfull \hbox (8.87819pt too wide) in paragraph at lines 293--293
 []|[][][][][][]| 
 []


Overfull \hbox (8.87819pt too wide) in paragraph at lines 293--293
 []|[][][][][][]| 
 []

<assets/ffn_impl.png, id=148, 880.79062pt x 550.30594pt>
File: assets/ffn_impl.png Graphic file (type png)
<use assets/ffn_impl.png>
Package pdftex.def Info: assets/ffn_impl.png  used on input line 293.
(pdftex.def)             Requested size: 139.49132pt x 87.15227pt.

Underfull \hbox (badness 10000) has occurred while \output is active
[][][][][][][][][][][][][][][][][][][][][][][][][][][][][][][]
 []

[22

 <./assets/ffn_impl.png>]
Overfull \hbox (8.87819pt too wide) in paragraph at lines 293--293
 []|[][][][][][]| 
 []


Overfull \hbox (8.87819pt too wide) in paragraph at lines 293--293
 []|[][][][][][]| 
 []


Overfull \hbox (8.87819pt too wide) in paragraph at lines 293--293
 []|[][][][][][]| 
 []

File: assets/cnn_implmemetnaion_visualization.png Graphic file (type png)
<use assets/cnn_implmemetnaion_visualization.png>
Package pdftex.def Info: assets/cnn_implmemetnaion_visualization.png  used on input line 293.
(pdftex.def)             Requested size: 123.15517pt x 87.14198pt.

Underfull \hbox (badness 10000) has occurred while \output is active
[][][][][][][][][][][][][][][][][][][][][][][][][][][][][][][]
 []

[23

]
Overfull \hbox (8.87819pt too wide) in paragraph at lines 293--293
 []|[][][][][][]| 
 []


Overfull \hbox (8.87819pt too wide) in paragraph at lines 293--293
 []|[][][][][][]| 
 []


Overfull \hbox (8.87819pt too wide) in paragraph at lines 293--293
 []|[][][][][][]| 
 []

<assets/lstm_cell.png, id=160, 892.08281pt x 532.23843pt>
File: assets/lstm_cell.png Graphic file (type png)
<use assets/lstm_cell.png>
Package pdftex.def Info: assets/lstm_cell.png  used on input line 293.
(pdftex.def)             Requested size: 146.07112pt x 87.1496pt.

Underfull \hbox (badness 10000) has occurred while \output is active
[][][][][][][][][][][][][][][][][][][][][][][][][][][][][][][]
 []

[24

 <./assets/lstm_cell.png>]
Underfull \hbox (badness 10000) detected at line 297
[][][][][][][][][][][][][][][][][][][][][][][][][][][][][][][]
 []

[25

]
Underfull \hbox (badness 10000) detected at line 409
[][][][][][][][][][][][][][][][][][][][][][][][][][][][][][][]
 []

<assets/datagenconfig.png, id=173, 321.45094pt x 155.83218pt>
File: assets/datagenconfig.png Graphic file (type png)
<use assets/datagenconfig.png>
Package pdftex.def Info: assets/datagenconfig.png  used on input line 409.
(pdftex.def)             Requested size: 122.2409pt x 59.25964pt.
<assets/dataexample.png, id=174, 1007.26312pt x 575.90157pt>
File: assets/dataexample.png Graphic file (type png)
<use assets/dataexample.png>
Package pdftex.def Info: assets/dataexample.png  used on input line 409.
(pdftex.def)             Requested size: 122.23425pt x 69.88728pt.

Underfull \hbox (badness 10000) has occurred while \output is active
[][][][][][][][][][][][][][][][][][][][][][][][][][][][][][][]
 []

[26

 <./assets/datagenconfig.png> <./assets/dataexample.png>]
<assets/cnnsearchspace.png, id=183, 916.1728pt x 392.21532pt>
File: assets/cnnsearchspace.png Graphic file (type png)
<use assets/cnnsearchspace.png>
Package pdftex.def Info: assets/cnnsearchspace.png  used on input line 409.
(pdftex.def)             Requested size: 122.23808pt x 52.33035pt.
<assets/cnnoptimized.png, id=184, 254.45062pt x 152.06813pt>
File: assets/cnnoptimized.png Graphic file (type png)
<use assets/cnnoptimized.png>
Package pdftex.def Info: assets/cnnoptimized.png  used on input line 409.
(pdftex.def)             Requested size: 122.24362pt x 73.05684pt.

Overfull \vbox (10.3121pt too high) detected at line 409
 []


Underfull \hbox (badness 10000) has occurred while \output is active
[][][][][][][][][][][][][][][][][][][][][][][][][][][][][][][]
 []

[27

 <./assets/cnnsearchspace.png> <./assets/cnnoptimized.png>]
<assets/optimizationresults.png, id=192, 1039.63406pt x 464.4853pt>
File: assets/optimizationresults.png Graphic file (type png)
<use assets/optimizationresults.png>
Package pdftex.def Info: assets/optimizationresults.png  used on input line 409.
(pdftex.def)             Requested size: 239.26944pt x 106.90024pt.

Underfull \hbox (badness 10000) has occurred while \output is active
[][][][][][][][][][][][][][][][][][][][][][][][][][][][][][][]
 []

[28

 <./assets/optimizationresults.png>]
File: assets/cnnoptimized.png Graphic file (type png)
<use assets/cnnoptimized.png>
Package pdftex.def Info: assets/cnnoptimized.png  used on input line 409.
(pdftex.def)             Requested size: 83.3128pt x 49.79048pt.
File: assets/dataexample.png Graphic file (type png)
<use assets/dataexample.png>
Package pdftex.def Info: assets/dataexample.png  used on input line 409.
(pdftex.def)             Requested size: 87.08401pt x 49.79019pt.
<assets/pthfile.png, id=199, 1045.65656pt x 689.57625pt>
File: assets/pthfile.png Graphic file (type png)
<use assets/pthfile.png>
Package pdftex.def Info: assets/pthfile.png  used on input line 409.
(pdftex.def)             Requested size: 96.2271pt x 63.45862pt.

Underfull \hbox (badness 10000) has occurred while \output is active
[][][][][][][][][][][][][][][][][][][][][][][][][][][][][][][]
 []

[29

 <./assets/pthfile.png>]
File: assets/pthfile.png Graphic file (type png)
<use assets/pthfile.png>
Package pdftex.def Info: assets/pthfile.png  used on input line 409.
(pdftex.def)             Requested size: 75.501pt x 49.79044pt.
File: assets/dataexample.png Graphic file (type png)
<use assets/dataexample.png>
Package pdftex.def Info: assets/dataexample.png  used on input line 409.
(pdftex.def)             Requested size: 87.08401pt x 49.79019pt.
<assets/rq1mcc.png, id=206, 1017.8025pt x 240.14719pt>
File: assets/rq1mcc.png Graphic file (type png)
<use assets/rq1mcc.png>
Package pdftex.def Info: assets/rq1mcc.png  used on input line 409.
(pdftex.def)             Requested size: 96.22633pt x 22.70428pt.

Underfull \hbox (badness 10000) has occurred while \output is active
[][][][][][][][][][][][][][][][][][][][][][][][][][][][][][][]
 []

[30

 <./assets/rq1mcc.png>]
Underfull \hbox (badness 10000) detected at line 413
[][][][][][][][][][][][][][][][][][][][][][][][][][][][][][][]
 []

[31

]
Underfull \hbox (badness 10000) detected at line 420
[][][][][][][][][][][][][][][][][][][][][][][][][][][][][][][]
 []


Underfull \hbox (badness 10000) has occurred while \output is active
[][][][][][][][][][][][][][][][][][][][][][][][][][][][][][][]
 []

[32

]
Underfull \hbox (badness 10000) detected at line 429
[][][][][][][][][][][][][][][][][][][][][][][][][][][][][][][]
 []

File: assets/rq1mcc.png Graphic file (type png)
<use assets/rq1mcc.png>
Package pdftex.def Info: assets/rq1mcc.png  used on input line 429.
(pdftex.def)             Requested size: 325.59474pt x 76.82246pt.

Overfull \hbox (18.30487pt too wide) in paragraph at lines 429--429
 [][] 
 []


Underfull \hbox (badness 10000) has occurred while \output is active
[][][][][][][][][][][][][][][][][][][][][][][][][][][][][][][]
 []

[33

]
File: assets/rq1mcc.png Graphic file (type png)
<use assets/rq1mcc.png>
Package pdftex.def Info: assets/rq1mcc.png  used on input line 429.
(pdftex.def)             Requested size: 325.59474pt x 76.82246pt.

Overfull \hbox (18.30487pt too wide) in paragraph at lines 429--429
 [][] 
 []


Underfull \hbox (badness 10000) has occurred while \output is active
[][][][][][][][][][][][][][][][][][][][][][][][][][][][][][][]
 []

[34

]
Underfull \hbox (badness 10000) detected at line 439
[][][][][][][][][][][][][][][][][][][][][][][][][][][][][][][]
 []

<assets/rq1results.png, id=234, 491.58656pt x 648.92438pt>
File: assets/rq1results.png Graphic file (type png)
<use assets/rq1results.png>
Package pdftex.def Info: assets/rq1results.png  used on input line 439.
(pdftex.def)             Requested size: 151.46764pt x 199.9472pt.

Underfull \hbox (badness 10000) has occurred while \output is active
[][][][][][][][][][][][][][][][][][][][][][][][][][][][][][][]
 []

[35

 <./assets/rq1results.png>]
Underfull \hbox (badness 10000) detected at line 448
[][][][][][][][][][][][][][][][][][][][][][][][][][][][][][][]
 []

<assets/avgpicture.png, id=241, 628.59843pt x 574.39594pt>
File: assets/avgpicture.png Graphic file (type png)
<use assets/avgpicture.png>
Package pdftex.def Info: assets/avgpicture.png  used on input line 448.
(pdftex.def)             Requested size: 218.81378pt x 199.9472pt.

Underfull \hbox (badness 10000) has occurred while \output is active
[][][][][][][][][][][][][][][][][][][][][][][][][][][][][][][]
 []

[36

 <./assets/avgpicture.png>]
Underfull \hbox (badness 10000) detected at line 457
[][][][][][][][][][][][][][][][][][][][][][][][][][][][][][][]
 []

<assets/rq1rnametrics.png, id=248, 499.11469pt x 526.21594pt>
File: assets/rq1rnametrics.png Graphic file (type png)
<use assets/rq1rnametrics.png>
Package pdftex.def Info: assets/rq1rnametrics.png  used on input line 457.
(pdftex.def)             Requested size: 189.65031pt x 199.9472pt.

Underfull \hbox (badness 10000) has occurred while \output is active
[][][][][][][][][][][][][][][][][][][][][][][][][][][][][][][]
 []

[37

 <./assets/rq1rnametrics.png>]
Underfull \hbox (badness 10000) detected at line 484
[][][][][][][][][][][][][][][][][][][][][][][][][][][][][][][]
 []

<assets/cnn_train_loss.png, id=256, 238.64156pt x 182.93344pt>
File: assets/cnn_train_loss.png Graphic file (type png)
<use assets/cnn_train_loss.png>
Package pdftex.def Info: assets/cnn_train_loss.png  used on input line 484.
(pdftex.def)             Requested size: 74.97585pt x 57.4736pt.
<assets/cnn_validation_loss.png, id=257, 240.9pt x 184.43906pt>
File: assets/cnn_validation_loss.png Graphic file (type png)
<use assets/cnn_validation_loss.png>
Package pdftex.def Info: assets/cnn_validation_loss.png  used on input line 484.
(pdftex.def)             Requested size: 75.06786pt x 57.47383pt.
<assets/gengap.png, id=258, 1127.71312pt x 283.81032pt>
File: assets/gengap.png Graphic file (type png)
<use assets/gengap.png>
Package pdftex.def Info: assets/gengap.png  used on input line 484.
(pdftex.def)             Requested size: 116.77005pt x 29.38739pt.

Underfull \hbox (badness 10000) has occurred while \output is active
[][][][][][][][][][][][][][][][][][][][][][][][][][][][][][][]
 []

[38

 <./assets/cnn_train_loss.png> <./assets/cnn_validation_loss.png> <./assets/gengap.png>]
Underfull \hbox (badness 10000) detected at line 497
[][][][][][][][][][][][][][][][][][][][][][][][][][][][][][][]
 []


Underfull \hbox (badness 10000) has occurred while \output is active
[][][][][][][][][][][][][][][][][][][][][][][][][][][][][][][]
 []

[39

]
Underfull \hbox (badness 10000) detected at line 504
[][][][][][][][][][][][][][][][][][][][][][][][][][][][][][][]
 []


Underfull \hbox (badness 10000) has occurred while \output is active
[][][][][][][][][][][][][][][][][][][][][][][][][][][][][][][]
 []

[40

]
Underfull \hbox (badness 10000) detected at line 522
[][][][][][][][][][][][][][][][][][][][][][][][][][][][][][][]
 []

<assets/rq2_avg_structures.png, id=277, 662.475pt x 1776.6375pt>
File: assets/rq2_avg_structures.png Graphic file (type png)
<use assets/rq2_avg_structures.png>
Package pdftex.def Info: assets/rq2_avg_structures.png  used on input line 522.
(pdftex.def)             Requested size: 74.55049pt x 199.9472pt.

Underfull \hbox (badness 10000) has occurred while \output is active
[][][][][][][][][][][][][][][][][][][][][][][][][][][][][][][]
 []

[41

 <./assets/rq2_avg_structures.png (PNG copy)>]
Underfull \hbox (badness 10000) detected at line 529
[][][][][][][][][][][][][][][][][][][][][][][][][][][][][][][]
 []

<assets/rq2_bp_gc_tables.png, id=283, 1157.82562pt x 989.94844pt>
File: assets/rq2_bp_gc_tables.png Graphic file (type png)
<use assets/rq2_bp_gc_tables.png>
Package pdftex.def Info: assets/rq2_bp_gc_tables.png  used on input line 529.
(pdftex.def)             Requested size: 227.85095pt x 194.81404pt.

Underfull \hbox (badness 10000) has occurred while \output is active
[][][][][][][][][][][][][][][][][][][][][][][][][][][][][][][]
 []

[42

 <./assets/rq2_bp_gc_tables.png>]
Underfull \hbox (badness 10000) detected at line 536
[][][][][][][][][][][][][][][][][][][][][][][][][][][][][][][]
 []

<assets/rq2hlandml.png, id=290, 514.17094pt x 646.66594pt>
File: assets/rq2hlandml.png Graphic file (type png)
<use assets/rq2hlandml.png>
Package pdftex.def Info: assets/rq2hlandml.png  used on input line 536.
(pdftex.def)             Requested size: 154.90366pt x 194.82025pt.

Underfull \hbox (badness 10000) has occurred while \output is active
[][][][][][][][][][][][][][][][][][][][][][][][][][][][][][][]
 []

[43

 <./assets/rq2hlandml.png>]
Underfull \hbox (badness 10000) detected at line 541
[][][][][][][][][][][][][][][][][][][][][][][][][][][][][][][]
 []

<assets/rq2biascomparison.png, id=298, 877.77937pt x 545.78906pt>
File: assets/rq2biascomparison.png Graphic file (type png)
<use assets/rq2biascomparison.png>
Package pdftex.def Info: assets/rq2biascomparison.png  used on input line 541.
(pdftex.def)             Requested size: 264.2734pt x 164.32094pt.

Underfull \hbox (badness 10000) has occurred while \output is active
[][][][][][][][][][][][][][][][][][][][][][][][][][][][][][][]
 []

[44

 <./assets/rq2biascomparison.png>]
Underfull \hbox (badness 10000) detected at line 554
[][][][][][][][][][][][][][][][][][][][][][][][][][][][][][][]
 []


Underfull \hbox (badness 10000) has occurred while \output is active
[][][][][][][][][][][][][][][][][][][][][][][][][][][][][][][]
 []

[45

] [46

] [47

]
<assets/rna_ensemble.png, id=320, 1185.67969pt x 575.90157pt>
File: assets/rna_ensemble.png Graphic file (type png)
<use assets/rna_ensemble.png>
Package pdftex.def Info: assets/rna_ensemble.png  used on input line 611.
(pdftex.def)             Requested size: 196.66533pt x 95.52054pt.
 [48

 <./assets/rna_ensemble.png>]
<assets/diagram.png, id=327, 752.8125pt x 752.8125pt>
File: assets/diagram.png Graphic file (type png)
<use assets/diagram.png>
Package pdftex.def Info: assets/diagram.png  used on input line 617.
(pdftex.def)             Requested size: 196.47328pt x 196.47328pt.
 [49

 <./assets/diagram.png>]
File: assets/datagenconfig.png Graphic file (type png)
<use assets/datagenconfig.png>
Package pdftex.def Info: assets/datagenconfig.png  used on input line 738.
(pdftex.def)             Requested size: 122.2409pt x 59.25964pt.
File: assets/dataexample.png Graphic file (type png)
<use assets/dataexample.png>
Package pdftex.def Info: assets/dataexample.png  used on input line 738.
(pdftex.def)             Requested size: 122.23425pt x 69.88728pt.
 [50

]
<assets/ffnhyperparamspace.png, id=340, 1068.99374pt x 411.03563pt>
File: assets/ffnhyperparamspace.png Graphic file (type png)
<use assets/ffnhyperparamspace.png>
Package pdftex.def Info: assets/ffnhyperparamspace.png  used on input line 738.
(pdftex.def)             Requested size: 122.23845pt x 47.00154pt.
File: assets/optimizationresults.png Graphic file (type png)
<use assets/optimizationresults.png>
Package pdftex.def Info: assets/optimizationresults.png  used on input line 738.
(pdftex.def)             Requested size: 122.2284pt x 54.60892pt.
 [51

 <./assets/ffnhyperparamspace.png>]
File: assets/optimizationresults.png Graphic file (type png)
<use assets/optimizationresults.png>
Package pdftex.def Info: assets/optimizationresults.png  used on input line 738.
(pdftex.def)             Requested size: 239.26944pt x 106.90024pt.
 [52

]
Overfull \vbox (20.99278pt too high) detected at line 738
 []

[53

] [54

]
\tf@nav=\write6
\openout6 = `defense_slides_with_overview_nav.nav'.

\tf@toc=\write7
\openout7 = `defense_slides_with_overview_nav.toc'.

\tf@snm=\write8
\openout8 = `defense_slides_with_overview_nav.snm'.

 (defense_slides_with_overview_nav.aux)
 ***********
LaTeX2e <2023-06-01> patch level 1
L3 programming layer <2023-10-10>
 ***********


LaTeX Font Warning: Some font shapes were not available, defaults substituted.

Package rerunfilecheck Info: File `defense_slides_with_overview_nav.out' has not changed.
(rerunfilecheck)             Checksum: D41D8CD98F00B204E9800998ECF8427E;0.
 ) 
Here is how much of TeX's memory you used:
 26874 strings out of 474823
 528334 string characters out of 5759866
 1935043 words of memory out of 5000000
 48185 multiletter control sequences out of 15000+600000
 572824 words of font info for 92 fonts, out of 8000000 for 9000
 1141 hyphenation exceptions out of 8191
 128i,14n,123p,564b,875s stack positions out of 10000i,1000n,20000p,200000b,200000s
<S:/ProgrammierShit/MikTeX/fonts/type1/public/amsfonts/cm/cmmi8.pfb><S:/ProgrammierShit/MikTeX/fonts/type1/public/amsfonts/cm/cmr8.pfb><S:/ProgrammierShit/MikTeX/fonts/type1/public/amsfonts/cm/cmss10.pfb><S:/ProgrammierShit/MikTeX/fonts/type1/public/amsfonts/cm/cmss12.pfb><S:/ProgrammierShit/MikTeX/fonts/type1/public/amsfonts/cm/cmss17.pfb><S:/ProgrammierShit/MikTeX/fonts/type1/public/amsfonts/cm/cmss8.pfb><S:/ProgrammierShit/MikTeX/fonts/type1/public/amsfonts/cm/cmss9.pfb><S:/ProgrammierShit/MikTeX/fonts/type1/public/amsfonts/cm/cmssbx10.pfb><S:/ProgrammierShit/MikTeX/fonts/type1/public/amsfonts/cm/cmssi10.pfb><S:/ProgrammierShit/MikTeX/fonts/type1/public/amsfonts/cm/cmsy10.pfb><S:/ProgrammierShit/MikTeX/fonts/type1/public/amsfonts/cm/cmsy8.pfb><S:/ProgrammierShit/MikTeX/fonts/type1/public/amsfonts/cm/cmtt10.pfb><S:/ProgrammierShit/MikTeX/fonts/type1/public/amsfonts/symbols/msam10.pfb>
Output written on defense_slides_with_overview_nav.pdf (54 pages, 37060458 bytes).
PDF statistics:
 444 PDF objects out of 1000 (max. 8388607)
 109 named destinations out of 1000 (max. 500000)
 203 words of extra memory for PDF output out of 10000 (max. 10000000)

